<?xml version="1.0" encoding="UTF-8"?>
<testng-results ignored="0" total="4" passed="4" failed="0" skipped="0">
  <reporter-output>
  </reporter-output>
  <suite started-at="2021-08-14T19:33:10 CST" name="Account Tests" finished-at="2021-08-14T19:34:08 CST" duration-ms="57767">
    <groups>
    </groups>
    <test started-at="2021-08-14T19:33:10 CST" name="Login Tests - Chrome" finished-at="2021-08-14T19:33:39 CST" duration-ms="28652">
      <class name="TestAccount">
        <test-method is-config="true" signature="beforeTest()[pri:0, instance:TestAccount@6f63c44f]" started-at="2021-08-14T19:33:10 CST" name="beforeTest" finished-at="2021-08-14T19:33:10 CST" duration-ms="57" status="PASS">
          <reporter-output>
          </reporter-output>
        </test-method> <!-- beforeTest -->
        <test-method is-config="true" signature="beforeMethod(java.lang.String)[pri:0, instance:TestAccount@6f63c44f]" started-at="2021-08-14T19:33:10 CST" name="beforeMethod" finished-at="2021-08-14T19:33:22 CST" duration-ms="11741" status="PASS">
          <params>
            <param index="0">
              <value>
                <![CDATA[chrome]]>
              </value>
            </param>
          </params>
          <reporter-output>
          </reporter-output>
        </test-method> <!-- beforeMethod -->
        <test-method signature="Test_Login_Successful()[pri:0, instance:TestAccount@6f63c44f]" started-at="2021-08-14T19:33:23 CST" name="Test_Login_Successful" finished-at="2021-08-14T19:33:26 CST" duration-ms="2625" status="PASS">
          <reporter-output>
          </reporter-output>
        </test-method> <!-- Test_Login_Successful -->
        <test-method is-config="true" signature="AfterMethod()[pri:0, instance:TestAccount@6f63c44f]" started-at="2021-08-14T19:33:26 CST" name="AfterMethod" finished-at="2021-08-14T19:33:30 CST" duration-ms="4590" status="PASS">
          <reporter-output>
          </reporter-output>
        </test-method> <!-- AfterMethod -->
        <test-method is-config="true" signature="beforeMethod(java.lang.String)[pri:0, instance:TestAccount@6f63c44f]" started-at="2021-08-14T19:33:30 CST" name="beforeMethod" finished-at="2021-08-14T19:33:36 CST" duration-ms="6062" status="PASS">
          <params>
            <param index="0">
              <value>
                <![CDATA[chrome]]>
              </value>
            </param>
          </params>
          <reporter-output>
          </reporter-output>
        </test-method> <!-- beforeMethod -->
        <test-method signature="Test_Login_Unsuccessful()[pri:0, instance:TestAccount@6f63c44f]" started-at="2021-08-14T19:33:36 CST" name="Test_Login_Unsuccessful" finished-at="2021-08-14T19:33:38 CST" duration-ms="2130" status="PASS">
          <reporter-output>
          </reporter-output>
        </test-method> <!-- Test_Login_Unsuccessful -->
        <test-method is-config="true" signature="AfterMethod()[pri:0, instance:TestAccount@6f63c44f]" started-at="2021-08-14T19:33:38 CST" name="AfterMethod" finished-at="2021-08-14T19:33:39 CST" duration-ms="530" status="PASS">
          <reporter-output>
          </reporter-output>
        </test-method> <!-- AfterMethod -->
        <test-method is-config="true" signature="AfterTest()[pri:0, instance:TestAccount@6f63c44f]" started-at="2021-08-14T19:33:39 CST" name="AfterTest" finished-at="2021-08-14T19:33:39 CST" duration-ms="1" status="PASS">
          <reporter-output>
          </reporter-output>
        </test-method> <!-- AfterTest -->
      </class> <!-- TestAccount -->
    </test> <!-- Login Tests - Chrome -->
    <test started-at="2021-08-14T19:33:39 CST" name="Login Tests - Firefox" finished-at="2021-08-14T19:34:08 CST" duration-ms="29063">
      <class name="TestAccount">
        <test-method is-config="true" signature="beforeTest()[pri:0, instance:TestAccount@1623bbe5]" started-at="2021-08-14T19:33:39 CST" name="beforeTest" finished-at="2021-08-14T19:33:39 CST" duration-ms="0" status="PASS">
          <reporter-output>
          </reporter-output>
        </test-method> <!-- beforeTest -->
        <test-method is-config="true" signature="beforeMethod(java.lang.String)[pri:0, instance:TestAccount@1623bbe5]" started-at="2021-08-14T19:33:39 CST" name="beforeMethod" finished-at="2021-08-14T19:33:50 CST" duration-ms="10959" status="PASS">
          <params>
            <param index="0">
              <value>
                <![CDATA[firefox]]>
              </value>
            </param>
          </params>
          <reporter-output>
          </reporter-output>
        </test-method> <!-- beforeMethod -->
        <test-method signature="Test_Login_Successful()[pri:0, instance:TestAccount@1623bbe5]" started-at="2021-08-14T19:33:50 CST" name="Test_Login_Successful" finished-at="2021-08-14T19:33:52 CST" duration-ms="2339" status="PASS">
          <reporter-output>
          </reporter-output>
        </test-method> <!-- Test_Login_Successful -->
        <test-method is-config="true" signature="AfterMethod()[pri:0, instance:TestAccount@1623bbe5]" started-at="2021-08-14T19:33:52 CST" name="AfterMethod" finished-at="2021-08-14T19:33:54 CST" duration-ms="1758" status="PASS">
          <reporter-output>
          </reporter-output>
        </test-method> <!-- AfterMethod -->
        <test-method is-config="true" signature="beforeMethod(java.lang.String)[pri:0, instance:TestAccount@1623bbe5]" started-at="2021-08-14T19:33:54 CST" name="beforeMethod" finished-at="2021-08-14T19:34:03 CST" duration-ms="9343" status="PASS">
          <params>
            <param index="0">
              <value>
                <![CDATA[firefox]]>
              </value>
            </param>
          </params>
          <reporter-output>
          </reporter-output>
        </test-method> <!-- beforeMethod -->
        <test-method signature="Test_Login_Unsuccessful()[pri:0, instance:TestAccount@1623bbe5]" started-at="2021-08-14T19:34:03 CST" name="Test_Login_Unsuccessful" finished-at="2021-08-14T19:34:06 CST" duration-ms="2099" status="PASS">
          <reporter-output>
          </reporter-output>
        </test-method> <!-- Test_Login_Unsuccessful -->
        <test-method is-config="true" signature="AfterMethod()[pri:0, instance:TestAccount@1623bbe5]" started-at="2021-08-14T19:34:06 CST" name="AfterMethod" finished-at="2021-08-14T19:34:08 CST" duration-ms="2521" status="PASS">
          <reporter-output>
          </reporter-output>
        </test-method> <!-- AfterMethod -->
        <test-method is-config="true" signature="AfterTest()[pri:0, instance:TestAccount@1623bbe5]" started-at="2021-08-14T19:34:08 CST" name="AfterTest" finished-at="2021-08-14T19:34:08 CST" duration-ms="0" status="PASS">
          <reporter-output>
          </reporter-output>
        </test-method> <!-- AfterTest -->
      </class> <!-- TestAccount -->
    </test> <!-- Login Tests - Firefox -->
  </suite> <!-- Account Tests -->
</testng-results>
